---------------- START ----------------
[INFO] [2022-01-03 20:01:29.250090] Checking system info check
[INFO] [2022-01-03 20:01:29.265101] Staring main process
[INFO] [2022-01-03 20:01:40.152464] Quiting app
---------------- START ----------------
[INFO] [2022-01-03 20:01:42.260369] Checking system info check
[INFO] [2022-01-03 20:01:42.276162] Staring main process
---------------- START ----------------
[INFO] [2022-01-03 20:13:36.933739] Checking system info check
[INFO] [2022-01-03 20:13:36.954732] Staring main process
---------------- START ----------------
[INFO] [2022-01-03 20:13:49.441163] Checking system info check
[INFO] [2022-01-03 20:13:49.455551] Staring main process
---------------- START ----------------
[INFO] [2022-01-03 20:13:57.351020] Checking system info check
[INFO] [2022-01-03 20:13:57.367140] Staring main process
[INFO] [2022-01-03 20:14:02.259433] Quiting app
---------------- START ----------------
[INFO] [2022-01-03 20:14:02.938705] Checking system info check
[INFO] [2022-01-03 20:14:02.953708] Staring main process
---------------- START ----------------
[INFO] [2022-01-03 20:14:22.821038] Checking system info check
[INFO] [2022-01-03 20:14:22.836036] Staring main process
[INFO] [2022-01-03 20:14:25.344572] Opening pip uninstaller handing over to uninstall.log
---------------- START ----------------
[INFO] [2022-01-03 20:14:33.384289] Checking system info check
[INFO] [2022-01-03 20:14:33.400200] Staring main process
---------------- START ----------------
[INFO] [2022-01-03 20:15:32.677622] Checking system info check
[INFO] [2022-01-03 20:15:32.691904] Staring main process
---------------- START ----------------
[INFO] [2022-01-03 20:16:10.538762] Checking system info check
[INFO] [2022-01-03 20:16:10.553747] Staring main process
---------------- START ----------------
[INFO] [2022-01-03 20:16:27.171902] Checking system info check
[INFO] [2022-01-03 20:16:27.186886] Staring main process
---------------- START ----------------
[INFO] [2022-01-03 20:16:32.427188] Checking system info check
[INFO] [2022-01-03 20:16:32.443022] Staring main process
---------------- START ----------------
[INFO] [2022-01-03 20:16:34.964394] Checking system info check
[INFO] [2022-01-03 20:16:34.979400] Staring main process
---------------- START ----------------
[INFO] [2022-01-04 10:03:32.038546] Checking system info check
[INFO] [2022-01-04 10:03:32.055545] Staring main process
---------------- START ----------------
[INFO] [2022-01-04 10:06:17.628521] Checking system info check
[INFO] [2022-01-04 10:06:17.643526] Staring main process
---------------- START ----------------
[INFO] [2022-01-04 10:09:08.662628] Checking system info check
[INFO] [2022-01-04 10:09:08.679603] Staring main process
---------------- START ----------------
[INFO] [2022-01-04 10:13:52.610948] Checking system info check
[INFO] [2022-01-04 10:13:52.627285] Staring main process
---------------- START ----------------
[INFO] [2022-01-04 10:14:05.083556] Checking system info check
[INFO] [2022-01-04 10:14:05.097492] Staring main process
---------------- START ----------------
[INFO] [2022-01-04 10:18:53.972726] Checking system info check
[INFO] [2022-01-04 10:18:53.987724] Staring main process
---------------- START ----------------
[INFO] [2022-01-04 10:20:25.695822] Checking system info check
[INFO] [2022-01-04 10:20:25.709823] Staring main process
---------------- START ----------------
[INFO] [2022-01-04 10:20:40.063277] Checking system info check
[INFO] [2022-01-04 10:20:40.077401] Staring main process
---------------- START ----------------
[INFO] [2022-01-04 10:25:55.125065] Checking system info check
[INFO] [2022-01-04 10:25:55.141064] Staring main process
---------------- START ----------------
[INFO] [2022-01-04 10:27:01.482611] Checking system info check
[INFO] [2022-01-04 10:27:01.499626] Staring main process
---------------- START ----------------
[INFO] [2022-01-04 10:27:41.846979] Checking system info check
[INFO] [2022-01-04 10:27:41.862313] Staring main process
---------------- START ----------------
[INFO] [2022-01-04 10:33:36.052914] Checking system info check
[INFO] [2022-01-04 10:33:36.068913] Staring main process
---------------- START ----------------
[INFO] [2022-01-04 10:34:24.105768] Checking system info check
[INFO] [2022-01-04 10:34:24.119516] Staring main process
---------------- START ----------------
[INFO] [2022-01-04 10:34:50.530750] Checking system info check
[INFO] [2022-01-04 10:34:50.545721] Staring main process
---------------- START ----------------
[INFO] [2022-01-04 10:38:38.327188] Checking system info check
[INFO] [2022-01-04 10:38:38.343193] Staring main process
---------------- START ----------------
[INFO] [2022-01-04 10:39:13.491991] Checking system info check
[INFO] [2022-01-04 10:39:13.506990] Staring main process
[INFO] [2022-01-04 10:39:18.406931] Quiting app
---------------- START ----------------
[INFO] [2022-01-04 10:39:21.513016] Checking system info check
[INFO] [2022-01-04 10:39:21.526981] Staring main process
---------------- START ----------------
[INFO] [2022-01-04 10:40:15.335568] Checking system info check
[INFO] [2022-01-04 10:40:15.352236] Staring main process
---------------- START ----------------
[INFO] [2022-01-04 10:43:46.417726] Checking system info check
[INFO] [2022-01-04 10:43:46.441725] Staring main process
---------------- START ----------------
[INFO] [2022-01-04 10:44:38.894619] Checking system info check
[INFO] [2022-01-04 10:44:38.911614] Staring main process
---------------- START ----------------
[INFO] [2022-01-04 16:23:15.077467] Checking system info check
---------------- START ----------------
[INFO] [2022-01-04 16:23:26.738961] Checking system info check
[INFO] [2022-01-04 16:23:26.966685] Connected to github.com
[INFO] [2022-01-04 16:23:26.967686] Staring main process
[INFO] [2022-01-04 16:23:30.451759] Quiting app
---------------- START ----------------
[INFO] [2022-01-04 16:23:32.349844] Checking system info check
[INFO] [2022-01-04 16:23:32.608154] Connected to github.com
[INFO] [2022-01-04 16:23:32.609155] Staring main process
---------------- START ----------------
---------------- START ----------------
[INFO] [2022-01-04 16:24:38.207893] Checking system info check
[INFO] [2022-01-04 16:24:41.111543] Connected to github.com
[INFO] [2022-01-04 16:24:41.111543] Staring main process
---------------- START ----------------
---------------- START ----------------
[INFO] [2022-01-04 16:25:34.259581] Checking system info check
[INFO] [2022-01-04 16:25:34.519017] Connected to github.com
[INFO] [2022-01-04 16:25:34.520019] Staring main process
---------------- START ----------------
---------------- START ----------------
[INFO] [2022-01-04 16:27:03.705943] Checking system info check
[INFO] [2022-01-04 16:27:03.982986] Connected to github.com
[INFO] [2022-01-04 16:27:03.983950] Staring main process
---------------- START ----------------
[INFO] [2022-01-04 16:27:07.350761] Downloading file
[INFO] [2022-01-04 16:27:07.834299] Extracting file
---------------- START ----------------
[INFO] [2022-01-04 16:28:05.863032] Checking system info check
[INFO] [2022-01-04 16:28:06.123955] Connected to github.com
[INFO] [2022-01-04 16:28:06.124964] Staring main process
[INFO] [2022-01-04 16:28:10.275999] Downloading file
[INFO] [2022-01-04 16:28:10.620958] Extracting file
